<?xml version="1.0" encoding="UTF-8"?>
<testng-results total="1" passed="1" failed="0" skipped="0">
  <reporter-output>
  </reporter-output>
  <suite started-at="2021-02-12T08:01:02Z" name="Suite" finished-at="2021-02-12T08:01:06Z" duration-ms="4321">
    <groups>
    </groups>
    <test started-at="2021-02-12T08:01:02Z" name="Test" finished-at="2021-02-12T08:01:06Z" duration-ms="4321">
      <class name="demo.Maven_Test">
        <test-method signature="tc_01()[pri:0, instance:demo.Maven_Test@3ec300f1]" started-at="2021-02-12T13:31:02Z" name="tc_01" finished-at="2021-02-12T13:31:06Z" duration-ms="4309" status="PASS">
          <reporter-output>
          </reporter-output>
        </test-method> <!-- tc_01 -->
      </class> <!-- demo.Maven_Test -->
    </test> <!-- Test -->
  </suite> <!-- Suite -->
</testng-results>
